<?xml version="1.0" encoding="UTF-8"?>
<!-- Generated by org.testng.reporters.JUnitReportReporter -->
<testsuite hostname="DESKTOP-QO8CS0F" failures="0" tests="1" name="Basics.ToClickOnRegister" time="7.583" errors="0" timestamp="2023-08-08T15:45:26 IST" skipped="0">
  <testcase classname="Basics.ToClickOnRegister" name="demo" time="7.583"/>
</testsuite> <!-- Basics.ToClickOnRegister -->
