<?xml version="1.0" encoding="UTF-8"?>
<!-- Generated by org.testng.reporters.JUnitReportReporter -->
<testsuite hostname="DESKTOP-QO8CS0F" failures="0" tests="1" name="TaskDemoQA.TC_004" time="69.737" errors="0" timestamp="2023-08-10T16:44:59 IST" skipped="0">
  <testcase classname="TaskDemoQA.TC_004" name="run" time="69.737"/>
</testsuite> <!-- TaskDemoQA.TC_004 -->
