<?xml version="1.0" encoding="UTF-8"?>
<!-- Generated by org.testng.reporters.JUnitReportReporter -->
<testsuite hostname="DESKTOP-QO8CS0F" failures="0" tests="1" name="demoWebShop.FictionBook" time="7.944" errors="0" timestamp="2023-08-09T13:54:28 IST" skipped="0">
  <testcase classname="demoWebShop.FictionBook" name="addToCartFiction" time="7.944"/>
</testsuite> <!-- demoWebShop.FictionBook -->
