<?xml version="1.0" encoding="UTF-8"?>
<!-- Generated by org.testng.reporters.JUnitReportReporter -->
<testsuite hostname="DESKTOP-QO8CS0F" failures="0" tests="1" name="demoWebShop.ToRegister" time="5.471" errors="0" timestamp="2023-08-09T13:25:28 IST" skipped="0">
  <testcase classname="demoWebShop.ToRegister" name="register" time="5.471"/>
</testsuite> <!-- demoWebShop.ToRegister -->
