<?xml version="1.0" encoding="UTF-8"?>
<!-- Generated by org.testng.reporters.JUnitReportReporter -->
<testsuite hostname="DESKTOP-QO8CS0F" failures="0" tests="1" name="TaskDemoQA.TC_003" time="11.843" errors="0" timestamp="2023-08-10T16:43:37 IST" skipped="0">
  <testcase classname="TaskDemoQA.TC_003" name="run" time="11.843"/>
</testsuite> <!-- TaskDemoQA.TC_003 -->
