<?xml version="1.0" encoding="UTF-8"?>
<!-- Generated by org.testng.reporters.JUnitReportReporter -->
<testsuite hostname="DESKTOP-QO8CS0F" failures="0" tests="1" name="Basics.ToLaunchBrowser" time="9.245" errors="0" timestamp="2023-08-08T14:57:58 IST" skipped="0">
  <testcase classname="Basics.ToLaunchBrowser" name="launch" time="9.245"/>
</testsuite> <!-- Basics.ToLaunchBrowser -->
