<?xml version="1.0" encoding="UTF-8"?>
<!-- Generated by org.testng.reporters.JUnitReportReporter -->
<testsuite hostname="DESKTOP-QO8CS0F" failures="0" tests="1" name="demoWebShop.TC_DWS_004" time="9.313" errors="0" timestamp="2023-08-09T14:22:14 IST" skipped="0">
  <testcase classname="demoWebShop.TC_DWS_004" name="launch" time="9.313"/>
</testsuite> <!-- demoWebShop.TC_DWS_004 -->
