<?xml version="1.0" encoding="UTF-8"?>
<!-- Generated by org.testng.reporters.JUnitReportReporter -->
<testsuite hostname="DESKTOP-QO8CS0F" failures="0" tests="1" name="Basics.Launch_Test" time="3.813" errors="0" timestamp="2023-08-09T12:03:53 IST" skipped="0">
  <testcase classname="Basics.Launch_Test" name="run" time="3.813"/>
</testsuite> <!-- Basics.Launch_Test -->
