<?xml version="1.0" encoding="UTF-8"?>
<!-- Generated by org.testng.reporters.JUnitReportReporter -->
<testsuite hostname="DESKTOP-QO8CS0F" failures="0" tests="1" name="TaskDemoQA.TC_002" time="4.542" errors="0" timestamp="2023-08-10T16:41:59 IST" skipped="0">
  <testcase classname="TaskDemoQA.TC_002" name="run" time="4.542"/>
</testsuite> <!-- TaskDemoQA.TC_002 -->
