<?xml version="1.0" encoding="UTF-8"?>
<!-- Generated by org.testng.reporters.JUnitReportReporter -->
<testsuite hostname="DESKTOP-QO8CS0F" failures="0" tests="1" name="demoWebShop.TC_DWS_001" time="11.528" errors="0" timestamp="2023-08-09T16:05:54 IST" skipped="0">
  <testcase classname="demoWebShop.TC_DWS_001" name="register" time="11.528">
    <system-out>
      <![CDATA[Browser is Launched
Register page is Displayed
Gender is selected as Male
FirstName Enetered Successfully
LastName Enetered Sucessfully
Email enetered sucessfully
Password Enetered Successfully
Confirm Password entered Successfully
Successfully Registered]]>
    </system-out>
  </testcase> <!-- register -->
  <system-out>
    <![CDATA[Browser is Launched
Register page is Displayed
Gender is selected as Male
FirstName Enetered Successfully
LastName Enetered Sucessfully
Email enetered sucessfully
Password Enetered Successfully
Confirm Password entered Successfully
Successfully Registered]]>
  </system-out>
</testsuite> <!-- demoWebShop.TC_DWS_001 -->
