<?xml version="1.0" encoding="UTF-8"?>
<!-- Generated by org.testng.reporters.JUnitReportReporter -->
<testsuite hostname="DESKTOP-QO8CS0F" failures="0" tests="1" name="demoWebShop.ToSortBooks" time="5.815" errors="0" timestamp="2023-08-09T13:44:24 IST" skipped="0">
  <testcase classname="demoWebShop.ToSortBooks" name="toSortBooks" time="5.815"/>
</testsuite> <!-- demoWebShop.ToSortBooks -->
