<?xml version="1.0" encoding="UTF-8"?>
<!-- Generated by org.testng.reporters.JUnitReportReporter -->
<testsuite hostname="DESKTOP-QO8CS0F" failures="0" tests="1" name="demoWebShop.TC_DWS_005" time="10.138" errors="0" timestamp="2023-08-09T14:26:57 IST" skipped="0">
  <testcase classname="demoWebShop.TC_DWS_005" name="launch" time="10.138"/>
</testsuite> <!-- demoWebShop.TC_DWS_005 -->
